2026-04-12 22:02:03.245 [main] INFO  com.tju.unify.conv.gateway.ConvGatewayApplication - Starting ConvGatewayApplication using Java 17.0.12 with PID 30480 (G:\LE\tju-unify\unify-conv\conv-gateway\target\classes started by 26302 in G:\LE\tju-unify\unify-conv)
2026-04-12 22:02:03.246 [main] INFO  com.tju.unify.conv.gateway.ConvGatewayApplication - No active profile set, falling back to 1 default profile: "default"
2026-04-12 22:02:04.511 [main] INFO  o.springframework.cloud.context.scope.GenericScope - BeanFactory id=2a80ce69-208d-3976-9f44-6882a3fb502f
2026-04-12 22:02:04.607 [main] INFO  o.s.c.s.PostProcessorRegistrationDelegate$BeanPostProcessorChecker - Bean 'org.springframework.cloud.client.loadbalancer.reactive.LoadBalancerBeanPostProcessorAutoConfiguration' of type [org.springframework.cloud.client.loadbalancer.reactive.LoadBalancerBeanPostProcessorAutoConfiguration] is not eligible for getting processed by all BeanPostProcessors (for example: not eligible for auto-proxying)
2026-04-12 22:02:04.608 [main] INFO  o.s.c.s.PostProcessorRegistrationDelegate$BeanPostProcessorChecker - Bean 'org.springframework.cloud.client.loadbalancer.reactive.LoadBalancerBeanPostProcessorAutoConfiguration$ReactorDeferringLoadBalancerFilterConfig' of type [org.springframework.cloud.client.loadbalancer.reactive.LoadBalancerBeanPostProcessorAutoConfiguration$ReactorDeferringLoadBalancerFilterConfig] is not eligible for getting processed by all BeanPostProcessors (for example: not eligible for auto-proxying)
2026-04-12 22:02:04.610 [main] INFO  o.s.c.s.PostProcessorRegistrationDelegate$BeanPostProcessorChecker - Bean 'reactorDeferringLoadBalancerExchangeFilterFunction' of type [org.springframework.cloud.client.loadbalancer.reactive.DeferringLoadBalancerExchangeFilterFunction] is not eligible for getting processed by all BeanPostProcessors (for example: not eligible for auto-proxying)
2026-04-12 22:02:05.095 [main] INFO  o.s.b.a.s.r.ReactiveUserDetailsServiceAutoConfiguration - 

Using generated security password: 2935b891-6e5a-4343-9f05-800f051769d2

2026-04-12 22:02:06.927 [main] INFO  o.s.c.gateway.route.RouteDefinitionRouteLocator - Loaded RoutePredicateFactory [After]
2026-04-12 22:02:06.928 [main] INFO  o.s.c.gateway.route.RouteDefinitionRouteLocator - Loaded RoutePredicateFactory [Before]
2026-04-12 22:02:06.928 [main] INFO  o.s.c.gateway.route.RouteDefinitionRouteLocator - Loaded RoutePredicateFactory [Between]
2026-04-12 22:02:06.928 [main] INFO  o.s.c.gateway.route.RouteDefinitionRouteLocator - Loaded RoutePredicateFactory [Cookie]
2026-04-12 22:02:06.928 [main] INFO  o.s.c.gateway.route.RouteDefinitionRouteLocator - Loaded RoutePredicateFactory [Header]
2026-04-12 22:02:06.928 [main] INFO  o.s.c.gateway.route.RouteDefinitionRouteLocator - Loaded RoutePredicateFactory [Host]
2026-04-12 22:02:06.929 [main] INFO  o.s.c.gateway.route.RouteDefinitionRouteLocator - Loaded RoutePredicateFactory [Method]
2026-04-12 22:02:06.929 [main] INFO  o.s.c.gateway.route.RouteDefinitionRouteLocator - Loaded RoutePredicateFactory [Path]
2026-04-12 22:02:06.929 [main] INFO  o.s.c.gateway.route.RouteDefinitionRouteLocator - Loaded RoutePredicateFactory [Query]
2026-04-12 22:02:06.929 [main] INFO  o.s.c.gateway.route.RouteDefinitionRouteLocator - Loaded RoutePredicateFactory [ReadBody]
2026-04-12 22:02:06.929 [main] INFO  o.s.c.gateway.route.RouteDefinitionRouteLocator - Loaded RoutePredicateFactory [RemoteAddr]
2026-04-12 22:02:06.929 [main] INFO  o.s.c.gateway.route.RouteDefinitionRouteLocator - Loaded RoutePredicateFactory [XForwardedRemoteAddr]
2026-04-12 22:02:06.929 [main] INFO  o.s.c.gateway.route.RouteDefinitionRouteLocator - Loaded RoutePredicateFactory [Weight]
2026-04-12 22:02:06.930 [main] INFO  o.s.c.gateway.route.RouteDefinitionRouteLocator - Loaded RoutePredicateFactory [CloudFoundryRouteService]
2026-04-12 22:02:08.188 [main] INFO  o.s.boot.web.embedded.netty.NettyWebServer - Netty started on port 7070
2026-04-12 22:02:09.324 [main] INFO  com.alibaba.nacos.client.naming - initializer namespace from ans.namespace attribute : null
2026-04-12 22:02:09.324 [main] INFO  com.alibaba.nacos.client.naming - initializer namespace from ALIBABA_ALIWARE_NAMESPACE attribute :null
2026-04-12 22:02:09.325 [main] INFO  com.alibaba.nacos.client.naming - initializer namespace from namespace attribute :null
2026-04-12 22:02:09.376 [main] INFO  com.alibaba.nacos.client.utils.ParamUtil - [settings] [req-serv] nacos-server port:8848
2026-04-12 22:02:09.376 [main] INFO  com.alibaba.nacos.client.utils.ParamUtil - [settings] [http-client] connect timeout:1000
2026-04-12 22:02:09.383 [main] INFO  com.alibaba.nacos.client.utils.ParamUtil - PER_TASK_CONFIG_SIZE: 3000.0
2026-04-12 22:02:09.415 [main] INFO  c.a.n.p.auth.spi.client.ClientAuthPluginManager - [ClientAuthPluginManager] Load ClientAuthService com.alibaba.nacos.client.auth.impl.NacosClientAuthServiceImpl success.
2026-04-12 22:02:09.416 [main] INFO  c.a.n.p.auth.spi.client.ClientAuthPluginManager - [ClientAuthPluginManager] Load ClientAuthService com.alibaba.nacos.client.auth.ram.RamClientAuthServiceImpl success.
2026-04-12 22:02:09.424 [main] INFO  c.a.n.client.auth.ram.identify.CredentialWatcher - null No credential found
2026-04-12 22:02:09.743 [main] INFO  com.alibaba.nacos.common.remote.client - [RpcClientFactory] create a new rpc client of f18aa36a-6624-4ffa-84d0-eddd9b223c86
2026-04-12 22:02:09.785 [main] INFO  com.alibaba.nacos.common.remote.client - [f18aa36a-6624-4ffa-84d0-eddd9b223c86] RpcClient init, ServerListFactory = com.alibaba.nacos.client.naming.core.ServerListManager
2026-04-12 22:02:09.786 [main] INFO  com.alibaba.nacos.common.remote.client - [f18aa36a-6624-4ffa-84d0-eddd9b223c86] Registry connection listener to current client:com.alibaba.nacos.client.naming.remote.gprc.redo.NamingGrpcRedoService
2026-04-12 22:02:09.786 [main] INFO  com.alibaba.nacos.common.remote.client - [f18aa36a-6624-4ffa-84d0-eddd9b223c86] Register server push request handler:com.alibaba.nacos.client.naming.remote.gprc.NamingPushRequestHandler
2026-04-12 22:02:09.789 [main] INFO  com.alibaba.nacos.common.remote.client - [f18aa36a-6624-4ffa-84d0-eddd9b223c86] Try to connect to server on start up, server: {serverIp = 'bobchasm.cn', server main port = 8848}
2026-04-12 22:02:09.822 [main] INFO  c.a.nacos.common.remote.client.grpc.GrpcClient - grpc client connection server:bobchasm.cn ip,serverPort:9848,grpcTslConfig:{"sslProvider":"OPENSSL","enableTls":false,"mutualAuthEnable":false,"trustAll":false}
2026-04-12 22:02:11.792 [main] INFO  com.alibaba.nacos.common.remote.client - [f18aa36a-6624-4ffa-84d0-eddd9b223c86] Success to connect to server [bobchasm.cn:8848] on start up, connectionId = 1776002532375_202.113.184.142_40683
2026-04-12 22:02:11.793 [main] INFO  com.alibaba.nacos.common.remote.client - [f18aa36a-6624-4ffa-84d0-eddd9b223c86] Register server push request handler:com.alibaba.nacos.common.remote.client.RpcClient$ConnectResetRequestHandler
2026-04-12 22:02:11.795 [main] INFO  com.alibaba.nacos.common.remote.client - [f18aa36a-6624-4ffa-84d0-eddd9b223c86] Register server push request handler:com.alibaba.nacos.common.remote.client.RpcClient$$Lambda$948/0x000001ecb8732310
2026-04-12 22:02:11.797 [com.alibaba.nacos.client.remote.worker] INFO  com.alibaba.nacos.common.remote.client - [f18aa36a-6624-4ffa-84d0-eddd9b223c86] Notify connected event to listeners.
2026-04-12 22:02:11.797 [main] INFO  com.alibaba.nacos.client.naming - [REGISTER-SERVICE] public registering service unify-gateway with instance Instance{instanceId='null', ip='192.168.56.1', port=7070, weight=1.0, healthy=true, enabled=true, ephemeral=true, clusterName='DEFAULT', serviceName='null', metadata={IPv6=[2403:ac00:a101:147a:aaab:c402:6903:a92e], preserved.register.source=SPRING_CLOUD}}
2026-04-12 22:02:11.798 [com.alibaba.nacos.client.remote.worker] INFO  com.alibaba.nacos.client.naming - Grpc connection connect
2026-04-12 22:02:11.839 [main] INFO  c.a.cloud.nacos.registry.NacosServiceRegistry - nacos registry, DEFAULT_GROUP unify-gateway 192.168.56.1:7070 register finished
2026-04-12 22:02:11.942 [main] INFO  com.tju.unify.conv.gateway.ConvGatewayApplication - Started ConvGatewayApplication in 10.232 seconds (process running for 15.784)
2026-04-12 22:02:15.249 [SpringApplicationShutdownHook] INFO  c.a.cloud.nacos.registry.NacosServiceRegistry - De-registering from Nacos Server now...
2026-04-12 22:02:15.249 [SpringApplicationShutdownHook] INFO  com.alibaba.nacos.client.naming - [DEREGISTER-SERVICE] public deregistering service unify-gateway with instance: Instance{instanceId='null', ip='192.168.56.1', port=7070, weight=1.0, healthy=true, enabled=true, ephemeral=true, clusterName='DEFAULT', serviceName='null', metadata={}}
2026-04-12 22:02:15.271 [SpringApplicationShutdownHook] INFO  c.a.cloud.nacos.registry.NacosServiceRegistry - De-registration finished.
2026-04-12 22:02:15.272 [SpringApplicationShutdownHook] INFO  com.alibaba.nacos.client.naming - com.alibaba.nacos.client.naming.cache.ServiceInfoHolder do shutdown begin
2026-04-12 22:02:15.272 [SpringApplicationShutdownHook] INFO  com.alibaba.nacos.client.naming - com.alibaba.nacos.client.naming.backups.FailoverReactor do shutdown begin
2026-04-12 22:02:15.602 [SpringApplicationShutdownHook] INFO  com.alibaba.nacos.client.naming - com.alibaba.nacos.client.naming.backups.FailoverReactor do shutdown stop
2026-04-12 22:02:15.603 [SpringApplicationShutdownHook] INFO  com.alibaba.nacos.client.naming - com.alibaba.nacos.client.naming.cache.ServiceInfoHolder do shutdown stop
2026-04-12 22:02:15.604 [SpringApplicationShutdownHook] INFO  com.alibaba.nacos.client.naming - com.alibaba.nacos.client.naming.remote.NamingClientProxyDelegate do shutdown begin
2026-04-12 22:02:15.604 [SpringApplicationShutdownHook] INFO  com.alibaba.nacos.client.naming - com.alibaba.nacos.client.naming.core.ServiceInfoUpdateService do shutdown begin
2026-04-12 22:02:15.604 [SpringApplicationShutdownHook] INFO  com.alibaba.nacos.client.naming - com.alibaba.nacos.client.naming.core.ServiceInfoUpdateService do shutdown stop
2026-04-12 22:02:15.604 [SpringApplicationShutdownHook] INFO  com.alibaba.nacos.client.naming - com.alibaba.nacos.client.naming.core.ServerListManager do shutdown begin
2026-04-12 22:02:15.605 [SpringApplicationShutdownHook] INFO  com.alibaba.nacos.client.naming - com.alibaba.nacos.client.naming.core.ServerListManager do shutdown stop
2026-04-12 22:02:15.605 [SpringApplicationShutdownHook] INFO  com.alibaba.nacos.client.naming - com.alibaba.nacos.client.naming.remote.http.NamingHttpClientProxy do shutdown begin
2026-04-12 22:02:15.605 [SpringApplicationShutdownHook] INFO  com.alibaba.nacos.client.naming - com.alibaba.nacos.client.naming.remote.http.NamingHttpClientProxy do shutdown stop
2026-04-12 22:02:15.605 [SpringApplicationShutdownHook] INFO  com.alibaba.nacos.common.remote.client - Shutdown rpc client, set status to shutdown
2026-04-12 22:02:15.606 [SpringApplicationShutdownHook] INFO  com.alibaba.nacos.common.remote.client - Shutdown client event executor java.util.concurrent.ScheduledThreadPoolExecutor@2829552c[Running, pool size = 2, active threads = 2, queued tasks = 0, completed tasks = 0]
2026-04-12 22:02:15.606 [SpringApplicationShutdownHook] INFO  com.alibaba.nacos.common.remote.client - Close current connection 1776002532375_202.113.184.142_40683
2026-04-12 22:02:15.616 [SpringApplicationShutdownHook] INFO  c.a.nacos.common.remote.client.grpc.GrpcClient - Shutdown grpc executor java.util.concurrent.ThreadPoolExecutor@5abf34fe[Running, pool size = 11, active threads = 0, queued tasks = 0, completed tasks = 11]
2026-04-12 22:02:15.616 [SpringApplicationShutdownHook] INFO  com.alibaba.nacos.client.naming - Shutdown grpc redo service executor java.util.concurrent.ScheduledThreadPoolExecutor@b3b190b[Running, pool size = 1, active threads = 0, queued tasks = 1, completed tasks = 1]
2026-04-12 22:02:15.616 [SpringApplicationShutdownHook] INFO  c.a.n.client.auth.ram.identify.CredentialWatcher - [null] CredentialWatcher is stopped
2026-04-12 22:02:15.619 [SpringApplicationShutdownHook] INFO  c.a.n.client.auth.ram.identify.CredentialService - [null] CredentialService is freed
2026-04-12 22:02:15.621 [SpringApplicationShutdownHook] INFO  com.alibaba.nacos.client.naming - com.alibaba.nacos.client.naming.remote.NamingClientProxyDelegate do shutdown stop
